<?xml version="1.0" encoding="UTF-8"?>
<coverage generated="1668342198649" clover="3.2.0">
  <project timestamp="1668342198650" name="All files">
    <metrics statements="98" coveredstatements="81" conditionals="23" coveredconditionals="17" methods="16" coveredmethods="10" elements="137" coveredelements="108" complexity="0" loc="98" ncloc="98" packages="7" files="9" classes="9"/>
    <package name="src">
      <metrics statements="34" coveredstatements="30" conditionals="2" coveredconditionals="2" methods="6" coveredmethods="4"/>
      <file name="app.ts" path="/Users/miguelgarcia/Developer/NodeExamples/restapi-jwt-typescript/src/app.ts">
        <metrics statements="20" coveredstatements="19" conditionals="2" coveredconditionals="2" methods="1" coveredmethods="0"/>
        <line num="1" count="1" type="stmt"/>
        <line num="2" count="1" type="stmt"/>
        <line num="3" count="1" type="stmt"/>
        <line num="4" count="1" type="stmt"/>
        <line num="5" count="1" type="stmt"/>
        <line num="8" count="1" type="stmt"/>
        <line num="9" count="1" type="stmt"/>
        <line num="12" count="1" type="stmt"/>
        <line num="16" count="1" type="cond" truecount="2" falsecount="0"/>
        <line num="20" count="1" type="stmt"/>
        <line num="21" count="1" type="stmt"/>
        <line num="22" count="1" type="stmt"/>
        <line num="23" count="1" type="stmt"/>
        <line num="24" count="1" type="stmt"/>
        <line num="25" count="1" type="stmt"/>
        <line num="30" count="1" type="stmt"/>
        <line num="31" count="0" type="stmt"/>
        <line num="34" count="1" type="stmt"/>
        <line num="35" count="1" type="stmt"/>
        <line num="37" count="1" type="stmt"/>
      </file>
      <file name="database.ts" path="/Users/miguelgarcia/Developer/NodeExamples/restapi-jwt-typescript/src/database.ts">
        <metrics statements="14" coveredstatements="11" conditionals="0" coveredconditionals="0" methods="5" coveredmethods="4"/>
        <line num="1" count="2" type="stmt"/>
        <line num="2" count="2" type="stmt"/>
        <line num="4" count="2" type="stmt"/>
        <line num="5" count="2" type="stmt"/>
        <line num="6" count="2" type="stmt"/>
        <line num="9" count="2" type="stmt"/>
        <line num="12" count="0" type="stmt"/>
        <line num="17" count="2" type="stmt"/>
        <line num="19" count="2" type="stmt"/>
        <line num="20" count="2" type="stmt"/>
        <line num="23" count="2" type="stmt"/>
        <line num="24" count="0" type="stmt"/>
        <line num="25" count="0" type="stmt"/>
        <line num="29" count="2" type="stmt"/>
      </file>
    </package>
    <package name="src.config">
      <metrics statements="1" coveredstatements="1" conditionals="4" coveredconditionals="4" methods="0" coveredmethods="0"/>
      <file name="config.ts" path="/Users/miguelgarcia/Developer/NodeExamples/restapi-jwt-typescript/src/config/config.ts">
        <metrics statements="1" coveredstatements="1" conditionals="4" coveredconditionals="4" methods="0" coveredmethods="0"/>
        <line num="1" count="4" type="stmt"/>
      </file>
    </package>
    <package name="src.controllers">
      <metrics statements="22" coveredstatements="18" conditionals="15" coveredconditionals="11" methods="4" coveredmethods="4"/>
      <file name="user.controller.ts" path="/Users/miguelgarcia/Developer/NodeExamples/restapi-jwt-typescript/src/controllers/user.controller.ts">
        <metrics statements="22" coveredstatements="18" conditionals="15" coveredconditionals="11" methods="4" coveredmethods="4"/>
        <line num="2" count="1" type="stmt"/>
        <line num="3" count="1" type="stmt"/>
        <line num="6" count="2" type="stmt"/>
        <line num="7" count="2" type="cond" truecount="3" falsecount="0"/>
        <line num="8" count="1" type="stmt"/>
        <line num="11" count="1" type="stmt"/>
        <line num="12" count="1" type="stmt"/>
        <line num="13" count="1" type="cond" truecount="0" falsecount="1"/>
        <line num="14" count="0" type="stmt"/>
        <line num="17" count="1" type="stmt"/>
        <line num="18" count="1" type="stmt"/>
        <line num="20" count="1" type="stmt"/>
        <line num="23" count="1" type="stmt"/>
        <line num="24" count="1" type="cond" truecount="2" falsecount="1"/>
        <line num="25" count="0" type="stmt"/>
        <line num="28" count="1" type="stmt"/>
        <line num="29" count="1" type="cond" truecount="0" falsecount="1"/>
        <line num="30" count="0" type="stmt"/>
        <line num="33" count="1" type="cond" truecount="3" falsecount="1"/>
        <line num="35" count="1" type="cond" truecount="3" falsecount="0"/>
        <line num="37" count="1" type="stmt"/>
        <line num="40" count="0" type="stmt"/>
      </file>
    </package>
    <package name="src.middlewares">
      <metrics statements="11" coveredstatements="5" conditionals="1" coveredconditionals="0" methods="2" coveredmethods="0"/>
      <file name="passport.ts" path="/Users/miguelgarcia/Developer/NodeExamples/restapi-jwt-typescript/src/middlewares/passport.ts">
        <metrics statements="11" coveredstatements="5" conditionals="1" coveredconditionals="0" methods="2" coveredmethods="0"/>
        <line num="1" count="1" type="stmt"/>
        <line num="2" count="1" type="stmt"/>
        <line num="3" count="1" type="stmt"/>
        <line num="5" count="1" type="stmt"/>
        <line num="10" count="1" type="stmt"/>
        <line num="12" count="0" type="stmt"/>
        <line num="13" count="0" type="stmt"/>
        <line num="14" count="0" type="cond" truecount="0" falsecount="1"/>
        <line num="15" count="0" type="stmt"/>
        <line num="17" count="0" type="stmt"/>
        <line num="19" count="0" type="stmt"/>
      </file>
    </package>
    <package name="src.misc">
      <metrics statements="4" coveredstatements="4" conditionals="0" coveredconditionals="0" methods="1" coveredmethods="1"/>
      <file name="token.ts" path="/Users/miguelgarcia/Developer/NodeExamples/restapi-jwt-typescript/src/misc/token.ts">
        <metrics statements="4" coveredstatements="4" conditionals="0" coveredconditionals="0" methods="1" coveredmethods="1"/>
        <line num="1" count="2" type="stmt"/>
        <line num="3" count="2" type="stmt"/>
        <line num="5" count="2" type="stmt"/>
        <line num="6" count="1" type="stmt"/>
      </file>
    </package>
    <package name="src.models">
      <metrics statements="14" coveredstatements="12" conditionals="1" coveredconditionals="0" methods="2" coveredmethods="1"/>
      <file name="user.ts" path="/Users/miguelgarcia/Developer/NodeExamples/restapi-jwt-typescript/src/models/user.ts">
        <metrics statements="14" coveredstatements="12" conditionals="1" coveredconditionals="0" methods="2" coveredmethods="1"/>
        <line num="1" count="4" type="stmt"/>
        <line num="2" count="4" type="stmt"/>
        <line num="10" count="4" type="stmt"/>
        <line num="24" count="4" type="stmt"/>
        <line num="25" count="4" type="stmt"/>
        <line num="26" count="4" type="cond" truecount="0" falsecount="1"/>
        <line num="28" count="4" type="stmt"/>
        <line num="29" count="4" type="stmt"/>
        <line num="30" count="4" type="stmt"/>
        <line num="31" count="4" type="stmt"/>
        <line num="35" count="4" type="stmt"/>
        <line num="36" count="0" type="stmt"/>
        <line num="37" count="0" type="stmt"/>
        <line num="40" count="4" type="stmt"/>
      </file>
    </package>
    <package name="src.routes">
      <metrics statements="12" coveredstatements="11" conditionals="0" coveredconditionals="0" methods="1" coveredmethods="0"/>
      <file name="auth.routes.ts" path="/Users/miguelgarcia/Developer/NodeExamples/restapi-jwt-typescript/src/routes/auth.routes.ts">
        <metrics statements="6" coveredstatements="6" conditionals="0" coveredconditionals="0" methods="0" coveredmethods="0"/>
        <line num="1" count="1" type="stmt"/>
        <line num="2" count="1" type="stmt"/>
        <line num="3" count="1" type="stmt"/>
        <line num="6" count="1" type="stmt"/>
        <line num="7" count="1" type="stmt"/>
        <line num="9" count="1" type="stmt"/>
      </file>
      <file name="special.routes.ts" path="/Users/miguelgarcia/Developer/NodeExamples/restapi-jwt-typescript/src/routes/special.routes.ts">
        <metrics statements="6" coveredstatements="5" conditionals="0" coveredconditionals="0" methods="1" coveredmethods="0"/>
        <line num="1" count="1" type="stmt"/>
        <line num="2" count="1" type="stmt"/>
        <line num="4" count="1" type="stmt"/>
        <line num="6" count="1" type="stmt"/>
        <line num="7" count="0" type="stmt"/>
        <line num="10" count="1" type="stmt"/>
      </file>
    </package>
  </project>
</coverage>
