<?xml version="1.0" encoding="UTF-8"?>
<coverage generated="1667996025511" clover="3.2.0">
  <project timestamp="1667996025512" name="All files">
    <metrics statements="15" coveredstatements="7" conditionals="5" coveredconditionals="4" methods="2" coveredmethods="0" elements="22" coveredelements="11" complexity="0" loc="15" ncloc="15" packages="2" files="2" classes="2"/>
    <package name="config">
      <metrics statements="1" coveredstatements="1" conditionals="4" coveredconditionals="4" methods="0" coveredmethods="0"/>
      <file name="config.ts" path="/Users/miguelgarcia/Developer/NodeExamples/restapi-jwt-typescript/src/config/config.ts">
        <metrics statements="1" coveredstatements="1" conditionals="4" coveredconditionals="4" methods="0" coveredmethods="0"/>
        <line num="1" count="1" type="stmt"/>
      </file>
    </package>
    <package name="models">
      <metrics statements="14" coveredstatements="6" conditionals="1" coveredconditionals="0" methods="2" coveredmethods="0"/>
      <file name="user.ts" path="/Users/miguelgarcia/Developer/NodeExamples/restapi-jwt-typescript/src/models/user.ts">
        <metrics statements="14" coveredstatements="6" conditionals="1" coveredconditionals="0" methods="2" coveredmethods="0"/>
        <line num="1" count="1" type="stmt"/>
        <line num="2" count="1" type="stmt"/>
        <line num="10" count="1" type="stmt"/>
        <line num="24" count="1" type="stmt"/>
        <line num="25" count="0" type="stmt"/>
        <line num="26" count="0" type="cond" truecount="0" falsecount="1"/>
        <line num="28" count="0" type="stmt"/>
        <line num="29" count="0" type="stmt"/>
        <line num="30" count="0" type="stmt"/>
        <line num="31" count="0" type="stmt"/>
        <line num="35" count="1" type="stmt"/>
        <line num="36" count="0" type="stmt"/>
        <line num="37" count="0" type="stmt"/>
        <line num="40" count="1" type="stmt"/>
      </file>
    </package>
  </project>
</coverage>
