{"/Users/miguelgarcia/Developer/NodeExamples/restapi-jwt-typescript/src/config/config.ts": {"path":"/Users/miguelgarcia/Developer/NodeExamples/restapi-jwt-typescript/src/config/config.ts","statementMap":{"0":{"start":{"line":1,"column":0},"end":{"line":8,"column":null}}},"fnMap":{},"branchMap":{"0":{"loc":{"start":{"line":2,"column":15},"end":{"line":2,"column":58}},"type":"binary-expr","locations":[{"start":{"line":2,"column":15},"end":{"line":2,"column":37}},{"start":{"line":2,"column":41},"end":{"line":2,"column":58}}]},"1":{"loc":{"start":{"line":4,"column":13},"end":{"line":4,"column":73}},"type":"binary-expr","locations":[{"start":{"line":4,"column":13},"end":{"line":4,"column":36}},{"start":{"line":4,"column":40},"end":{"line":4,"column":73}}]}},"s":{"0":1},"f":{},"b":{"0":[1,1],"1":[1,1]}}
,"/Users/miguelgarcia/Developer/NodeExamples/restapi-jwt-typescript/src/models/user.ts": {"path":"/Users/miguelgarcia/Developer/NodeExamples/restapi-jwt-typescript/src/models/user.ts","statementMap":{"0":{"start":{"line":1,"column":0},"end":{"line":1,"column":51}},"1":{"start":{"line":2,"column":0},"end":{"line":2,"column":28}},"2":{"start":{"line":10,"column":19},"end":{"line":22,"column":2}},"3":{"start":{"line":24,"column":0},"end":{"line":32,"column":3}},"4":{"start":{"line":25,"column":17},"end":{"line":25,"column":21}},"5":{"start":{"line":26,"column":4},"end":{"line":26,"column":42}},"6":{"start":{"line":26,"column":28},"end":{"line":26,"column":42}},"7":{"start":{"line":28,"column":17},"end":{"line":28,"column":41}},"8":{"start":{"line":29,"column":17},"end":{"line":29,"column":54}},"9":{"start":{"line":30,"column":4},"end":{"line":30,"column":25}},"10":{"start":{"line":31,"column":4},"end":{"line":31,"column":11}},"11":{"start":{"line":35,"column":0},"end":{"line":38,"column":null}},"12":{"start":{"line":36,"column":16},"end":{"line":36,"column":61}},"13":{"start":{"line":37,"column":4},"end":{"line":37,"column":15}},"14":{"start":{"line":40,"column":0},"end":{"line":40,"column":47}}},"fnMap":{"0":{"name":"(anonymous_8)","decl":{"start":{"line":24,"column":30},"end":{"line":24,"column":45}},"loc":{"start":{"line":24,"column":49},"end":{"line":32,"column":2}}},"1":{"name":"(anonymous_10)","decl":{"start":{"line":35,"column":37},"end":{"line":35,"column":52}},"loc":{"start":{"line":35,"column":68},"end":{"line":38,"column":null}}}},"branchMap":{"0":{"loc":{"start":{"line":26,"column":4},"end":{"line":26,"column":42}},"type":"if","locations":[{"start":{"line":26,"column":4},"end":{"line":26,"column":42}}]}},"s":{"0":1,"1":1,"2":1,"3":1,"4":0,"5":0,"6":0,"7":0,"8":0,"9":0,"10":0,"11":1,"12":0,"13":0,"14":1},"f":{"0":0,"1":0},"b":{"0":[0]}}
}
