{"/Users/miguelgarcia/Developer/NodeExamples/restapi-jwt-typescript/src/app.ts": {"path":"/Users/miguelgarcia/Developer/NodeExamples/restapi-jwt-typescript/src/app.ts","statementMap":{"0":{"start":{"line":1,"column":0},"end":{"line":1,"column":30}},"1":{"start":{"line":2,"column":0},"end":{"line":2,"column":28}},"2":{"start":{"line":3,"column":0},"end":{"line":3,"column":24}},"3":{"start":{"line":4,"column":0},"end":{"line":4,"column":32}},"4":{"start":{"line":5,"column":0},"end":{"line":5,"column":55}},"5":{"start":{"line":8,"column":0},"end":{"line":8,"column":46}},"6":{"start":{"line":9,"column":0},"end":{"line":9,"column":52}},"7":{"start":{"line":12,"column":12},"end":{"line":12,"column":21}},"8":{"start":{"line":16,"column":0},"end":{"line":16,"column":42}},"9":{"start":{"line":20,"column":0},"end":{"line":20,"column":23}},"10":{"start":{"line":21,"column":0},"end":{"line":21,"column":16}},"11":{"start":{"line":22,"column":0},"end":{"line":22,"column":46}},"12":{"start":{"line":23,"column":0},"end":{"line":23,"column":24}},"13":{"start":{"line":24,"column":0},"end":{"line":24,"column":31}},"14":{"start":{"line":25,"column":0},"end":{"line":25,"column":33}},"15":{"start":{"line":30,"column":0},"end":{"line":32,"column":3}},"16":{"start":{"line":31,"column":4},"end":{"line":31,"column":66}},"17":{"start":{"line":34,"column":0},"end":{"line":34,"column":20}},"18":{"start":{"line":35,"column":0},"end":{"line":35,"column":23}},"19":{"start":{"line":37,"column":0},"end":{"line":37,"column":19}}},"fnMap":{"0":{"name":"(anonymous_1)","decl":{"start":{"line":30,"column":13},"end":{"line":30,"column":14}},"loc":{"start":{"line":30,"column":26},"end":{"line":32,"column":1}}}},"branchMap":{"0":{"loc":{"start":{"line":16,"column":16},"end":{"line":16,"column":40}},"type":"binary-expr","locations":[{"start":{"line":16,"column":16},"end":{"line":16,"column":32}},{"start":{"line":16,"column":36},"end":{"line":16,"column":40}}]}},"s":{"0":1,"1":1,"2":1,"3":1,"4":1,"5":1,"6":1,"7":1,"8":1,"9":1,"10":1,"11":1,"12":1,"13":1,"14":1,"15":1,"16":0,"17":1,"18":1,"19":1},"f":{"0":0},"b":{"0":[1,1]}}
,"/Users/miguelgarcia/Developer/NodeExamples/restapi-jwt-typescript/src/database.ts": {"path":"/Users/miguelgarcia/Developer/NodeExamples/restapi-jwt-typescript/src/database.ts","statementMap":{"0":{"start":{"line":1,"column":0},"end":{"line":1,"column":32}},"1":{"start":{"line":2,"column":0},"end":{"line":2,"column":37}},"2":{"start":{"line":4,"column":0},"end":{"line":15,"column":5}},"3":{"start":{"line":4,"column":12},"end":{"line":15,"column":2}},"4":{"start":{"line":5,"column":4},"end":{"line":13,"column":null}},"5":{"start":{"line":6,"column":8},"end":{"line":10,"column":null}},"6":{"start":{"line":9,"column":14},"end":{"line":9,"column":50}},"7":{"start":{"line":12,"column":8},"end":{"line":12,"column":56}},"8":{"start":{"line":17,"column":19},"end":{"line":17,"column":38}},"9":{"start":{"line":19,"column":0},"end":{"line":21,"column":3}},"10":{"start":{"line":20,"column":4},"end":{"line":20,"column":49}},"11":{"start":{"line":23,"column":0},"end":{"line":26,"column":null}},"12":{"start":{"line":24,"column":4},"end":{"line":24,"column":21}},"13":{"start":{"line":25,"column":4},"end":{"line":25,"column":20}},"14":{"start":{"line":29,"column":0},"end":{"line":29,"column":26}}},"fnMap":{"0":{"name":"(anonymous_8)","decl":{"start":{"line":4,"column":1},"end":{"line":4,"column":10}},"loc":{"start":{"line":4,"column":12},"end":{"line":15,"column":2}}},"1":{"name":"(anonymous_9)","decl":{"start":{"line":4,"column":12},"end":{"line":4,"column":null}},"loc":{"start":{"line":4,"column":12},"end":{"line":15,"column":1}}},"2":{"name":"(anonymous_10)","decl":{"start":{"line":8,"column":12},"end":{"line":8,"column":15}},"loc":{"start":{"line":8,"column":17},"end":{"line":10,"column":13}}},"3":{"name":"(anonymous_11)","decl":{"start":{"line":19,"column":24},"end":{"line":19,"column":27}},"loc":{"start":{"line":19,"column":29},"end":{"line":21,"column":1}}},"4":{"name":"(anonymous_12)","decl":{"start":{"line":23,"column":23},"end":{"line":23,"column":26}},"loc":{"start":{"line":23,"column":29},"end":{"line":26,"column":1}}}},"branchMap":{},"s":{"0":2,"1":2,"2":2,"3":2,"4":2,"5":2,"6":2,"7":0,"8":2,"9":2,"10":2,"11":2,"12":0,"13":0,"14":2},"f":{"0":2,"1":2,"2":2,"3":2,"4":0},"b":{}}
,"/Users/miguelgarcia/Developer/NodeExamples/restapi-jwt-typescript/src/config/config.ts": {"path":"/Users/miguelgarcia/Developer/NodeExamples/restapi-jwt-typescript/src/config/config.ts","statementMap":{"0":{"start":{"line":1,"column":0},"end":{"line":8,"column":null}}},"fnMap":{},"branchMap":{"0":{"loc":{"start":{"line":2,"column":15},"end":{"line":2,"column":58}},"type":"binary-expr","locations":[{"start":{"line":2,"column":15},"end":{"line":2,"column":37}},{"start":{"line":2,"column":41},"end":{"line":2,"column":58}}]},"1":{"loc":{"start":{"line":4,"column":13},"end":{"line":4,"column":73}},"type":"binary-expr","locations":[{"start":{"line":4,"column":13},"end":{"line":4,"column":36}},{"start":{"line":4,"column":40},"end":{"line":4,"column":73}}]}},"s":{"0":4},"f":{},"b":{"0":[4,4],"1":[4,4]}}
,"/Users/miguelgarcia/Developer/NodeExamples/restapi-jwt-typescript/src/controllers/user.controller.ts": {"path":"/Users/miguelgarcia/Developer/NodeExamples/restapi-jwt-typescript/src/controllers/user.controller.ts","statementMap":{"0":{"start":{"line":2,"column":0},"end":{"line":2,"column":34}},"1":{"start":{"line":3,"column":0},"end":{"line":3,"column":44}},"2":{"start":{"line":6,"column":22},"end":{"line":21,"column":null}},"3":{"start":{"line":6,"column":78},"end":{"line":21,"column":null}},"4":{"start":{"line":7,"column":4},"end":{"line":9,"column":null}},"5":{"start":{"line":8,"column":8},"end":{"line":8,"column":82}},"6":{"start":{"line":11,"column":17},"end":{"line":11,"column":59}},"7":{"start":{"line":12,"column":4},"end":{"line":12,"column":22}},"8":{"start":{"line":13,"column":4},"end":{"line":15,"column":null}},"9":{"start":{"line":14,"column":8},"end":{"line":14,"column":66}},"10":{"start":{"line":17,"column":20},"end":{"line":17,"column":38}},"11":{"start":{"line":18,"column":4},"end":{"line":18,"column":25}},"12":{"start":{"line":20,"column":4},"end":{"line":20,"column":41}},"13":{"start":{"line":6,"column":13},"end":{"line":6,"column":22}},"14":{"start":{"line":23,"column":22},"end":{"line":42,"column":null}},"15":{"start":{"line":23,"column":60},"end":{"line":42,"column":null}},"16":{"start":{"line":24,"column":4},"end":{"line":26,"column":null}},"17":{"start":{"line":25,"column":8},"end":{"line":25,"column":82}},"18":{"start":{"line":28,"column":17},"end":{"line":28,"column":59}},"19":{"start":{"line":29,"column":4},"end":{"line":31,"column":null}},"20":{"start":{"line":30,"column":8},"end":{"line":30,"column":63}},"21":{"start":{"line":33,"column":20},"end":{"line":33,"column":67}},"22":{"start":{"line":35,"column":4},"end":{"line":38,"column":null}},"23":{"start":{"line":37,"column":8},"end":{"line":37,"column":63}},"24":{"start":{"line":40,"column":4},"end":{"line":40,"column":73}},"25":{"start":{"line":23,"column":13},"end":{"line":23,"column":22}}},"fnMap":{"0":{"name":"(anonymous_8)","decl":{"start":{"line":6,"column":22},"end":{"line":6,"column":29}},"loc":{"start":{"line":6,"column":78},"end":{"line":21,"column":null}}},"1":{"name":"(anonymous_9)","decl":{"start":{"line":6,"column":78},"end":{"line":6,"column":null}},"loc":{"start":{"line":6,"column":78},"end":{"line":21,"column":1}}},"2":{"name":"(anonymous_10)","decl":{"start":{"line":23,"column":22},"end":{"line":23,"column":29}},"loc":{"start":{"line":23,"column":60},"end":{"line":42,"column":null}}},"3":{"name":"(anonymous_11)","decl":{"start":{"line":23,"column":60},"end":{"line":23,"column":null}},"loc":{"start":{"line":23,"column":60},"end":{"line":42,"column":1}}}},"branchMap":{"0":{"loc":{"start":{"line":7,"column":4},"end":{"line":9,"column":null}},"type":"if","locations":[{"start":{"line":7,"column":4},"end":{"line":9,"column":null}}]},"1":{"loc":{"start":{"line":7,"column":8},"end":{"line":7,"column":45}},"type":"binary-expr","locations":[{"start":{"line":7,"column":8},"end":{"line":7,"column":23}},{"start":{"line":7,"column":27},"end":{"line":7,"column":45}}]},"2":{"loc":{"start":{"line":13,"column":4},"end":{"line":15,"column":null}},"type":"if","locations":[{"start":{"line":13,"column":4},"end":{"line":15,"column":null}}]},"3":{"loc":{"start":{"line":24,"column":4},"end":{"line":26,"column":null}},"type":"if","locations":[{"start":{"line":24,"column":4},"end":{"line":26,"column":null}}]},"4":{"loc":{"start":{"line":24,"column":8},"end":{"line":24,"column":45}},"type":"binary-expr","locations":[{"start":{"line":24,"column":8},"end":{"line":24,"column":23}},{"start":{"line":24,"column":27},"end":{"line":24,"column":45}}]},"5":{"loc":{"start":{"line":29,"column":4},"end":{"line":31,"column":null}},"type":"if","locations":[{"start":{"line":29,"column":4},"end":{"line":31,"column":null}}]},"6":{"loc":{"start":{"line":33,"column":26},"end":{"line":33,"column":66}},"type":"cond-expr","locations":[{"start":{"line":33,"column":30},"end":{"line":33,"column":32}},{"start":{"line":33,"column":26},"end":{"line":33,"column":66}}]},"7":{"loc":{"start":{"line":33,"column":26},"end":{"line":33,"column":32}},"type":"binary-expr","locations":[{"start":{"line":33,"column":26},"end":{"line":33,"column":32}},{"start":{"line":33,"column":26},"end":{"line":33,"column":32}}]},"8":{"loc":{"start":{"line":35,"column":4},"end":{"line":38,"column":null}},"type":"if","locations":[{"start":{"line":35,"column":4},"end":{"line":38,"column":null}}]},"9":{"loc":{"start":{"line":35,"column":8},"end":{"line":35,"column":23}},"type":"binary-expr","locations":[{"start":{"line":35,"column":8},"end":{"line":35,"column":15}},{"start":{"line":35,"column":19},"end":{"line":35,"column":23}}]}},"s":{"0":1,"1":1,"2":1,"3":2,"4":2,"5":1,"6":1,"7":1,"8":1,"9":0,"10":1,"11":1,"12":1,"13":1,"14":1,"15":1,"16":1,"17":0,"18":1,"19":1,"20":0,"21":1,"22":1,"23":1,"24":0,"25":1},"f":{"0":2,"1":2,"2":1,"3":1},"b":{"0":[1],"1":[2,2],"2":[0],"3":[0],"4":[1,1],"5":[0],"6":[0,1],"7":[1,1],"8":[1],"9":[1,1]}}
,"/Users/miguelgarcia/Developer/NodeExamples/restapi-jwt-typescript/src/middlewares/passport.ts": {"path":"/Users/miguelgarcia/Developer/NodeExamples/restapi-jwt-typescript/src/middlewares/passport.ts","statementMap":{"0":{"start":{"line":1,"column":0},"end":{"line":1,"column":67}},"1":{"start":{"line":2,"column":0},"end":{"line":2,"column":38}},"2":{"start":{"line":3,"column":0},"end":{"line":3,"column":34}},"3":{"start":{"line":5,"column":30},"end":{"line":8,"column":2}},"4":{"start":{"line":10,"column":0},"end":{"line":22,"column":3}},"5":{"start":{"line":10,"column":57},"end":{"line":22,"column":2}},"6":{"start":{"line":12,"column":4},"end":{"line":20,"column":null}},"7":{"start":{"line":13,"column":21},"end":{"line":13,"column":52}},"8":{"start":{"line":14,"column":8},"end":{"line":16,"column":null}},"9":{"start":{"line":15,"column":12},"end":{"line":15,"column":36}},"10":{"start":{"line":17,"column":8},"end":{"line":17,"column":33}},"11":{"start":{"line":19,"column":8},"end":{"line":19,"column":27}}},"fnMap":{"0":{"name":"(anonymous_8)","decl":{"start":{"line":10,"column":33},"end":{"line":10,"column":40}},"loc":{"start":{"line":10,"column":57},"end":{"line":22,"column":2}}},"1":{"name":"(anonymous_9)","decl":{"start":{"line":10,"column":57},"end":{"line":10,"column":null}},"loc":{"start":{"line":10,"column":57},"end":{"line":22,"column":1}}}},"branchMap":{"0":{"loc":{"start":{"line":14,"column":8},"end":{"line":16,"column":null}},"type":"if","locations":[{"start":{"line":14,"column":8},"end":{"line":16,"column":null}}]}},"s":{"0":1,"1":1,"2":1,"3":1,"4":1,"5":0,"6":0,"7":0,"8":0,"9":0,"10":0,"11":0},"f":{"0":0,"1":0},"b":{"0":[0]}}
,"/Users/miguelgarcia/Developer/NodeExamples/restapi-jwt-typescript/src/misc/token.ts": {"path":"/Users/miguelgarcia/Developer/NodeExamples/restapi-jwt-typescript/src/misc/token.ts","statementMap":{"0":{"start":{"line":1,"column":0},"end":{"line":1,"column":31}},"1":{"start":{"line":3,"column":0},"end":{"line":3,"column":38}},"2":{"start":{"line":5,"column":27},"end":{"line":12,"column":1}},"3":{"start":{"line":6,"column":4},"end":{"line":11,"column":7}},"4":{"start":{"line":5,"column":13},"end":{"line":5,"column":27}}},"fnMap":{"0":{"name":"(anonymous_1)","decl":{"start":{"line":5,"column":27},"end":{"line":5,"column":29}},"loc":{"start":{"line":5,"column":44},"end":{"line":12,"column":1}}}},"branchMap":{},"s":{"0":2,"1":2,"2":2,"3":1,"4":2},"f":{"0":1},"b":{}}
,"/Users/miguelgarcia/Developer/NodeExamples/restapi-jwt-typescript/src/models/user.ts": {"path":"/Users/miguelgarcia/Developer/NodeExamples/restapi-jwt-typescript/src/models/user.ts","statementMap":{"0":{"start":{"line":1,"column":0},"end":{"line":1,"column":51}},"1":{"start":{"line":2,"column":0},"end":{"line":2,"column":28}},"2":{"start":{"line":10,"column":19},"end":{"line":22,"column":2}},"3":{"start":{"line":24,"column":0},"end":{"line":32,"column":3}},"4":{"start":{"line":25,"column":17},"end":{"line":25,"column":21}},"5":{"start":{"line":26,"column":4},"end":{"line":26,"column":42}},"6":{"start":{"line":26,"column":28},"end":{"line":26,"column":42}},"7":{"start":{"line":28,"column":17},"end":{"line":28,"column":41}},"8":{"start":{"line":29,"column":17},"end":{"line":29,"column":54}},"9":{"start":{"line":30,"column":4},"end":{"line":30,"column":25}},"10":{"start":{"line":31,"column":4},"end":{"line":31,"column":11}},"11":{"start":{"line":35,"column":0},"end":{"line":38,"column":null}},"12":{"start":{"line":36,"column":16},"end":{"line":36,"column":61}},"13":{"start":{"line":37,"column":4},"end":{"line":37,"column":15}},"14":{"start":{"line":40,"column":0},"end":{"line":40,"column":47}}},"fnMap":{"0":{"name":"(anonymous_8)","decl":{"start":{"line":24,"column":30},"end":{"line":24,"column":45}},"loc":{"start":{"line":24,"column":49},"end":{"line":32,"column":2}}},"1":{"name":"(anonymous_10)","decl":{"start":{"line":35,"column":37},"end":{"line":35,"column":52}},"loc":{"start":{"line":35,"column":68},"end":{"line":38,"column":null}}}},"branchMap":{"0":{"loc":{"start":{"line":26,"column":4},"end":{"line":26,"column":42}},"type":"if","locations":[{"start":{"line":26,"column":4},"end":{"line":26,"column":42}}]}},"s":{"0":4,"1":4,"2":4,"3":4,"4":4,"5":4,"6":0,"7":4,"8":4,"9":4,"10":4,"11":4,"12":0,"13":0,"14":4},"f":{"0":4,"1":0},"b":{"0":[0]}}
,"/Users/miguelgarcia/Developer/NodeExamples/restapi-jwt-typescript/src/routes/auth.routes.ts": {"path":"/Users/miguelgarcia/Developer/NodeExamples/restapi-jwt-typescript/src/routes/auth.routes.ts","statementMap":{"0":{"start":{"line":1,"column":0},"end":{"line":1,"column":33}},"1":{"start":{"line":2,"column":0},"end":{"line":2,"column":63}},"2":{"start":{"line":3,"column":15},"end":{"line":3,"column":23}},"3":{"start":{"line":6,"column":0},"end":{"line":6,"column":31}},"4":{"start":{"line":7,"column":0},"end":{"line":7,"column":31}},"5":{"start":{"line":9,"column":0},"end":{"line":9,"column":22}}},"fnMap":{},"branchMap":{},"s":{"0":1,"1":1,"2":1,"3":1,"4":1,"5":1},"f":{},"b":{}}
,"/Users/miguelgarcia/Developer/NodeExamples/restapi-jwt-typescript/src/routes/special.routes.ts": {"path":"/Users/miguelgarcia/Developer/NodeExamples/restapi-jwt-typescript/src/routes/special.routes.ts","statementMap":{"0":{"start":{"line":1,"column":0},"end":{"line":1,"column":33}},"1":{"start":{"line":2,"column":0},"end":{"line":2,"column":32}},"2":{"start":{"line":4,"column":15},"end":{"line":4,"column":23}},"3":{"start":{"line":6,"column":0},"end":{"line":8,"column":3}},"4":{"start":{"line":7,"column":4},"end":{"line":7,"column":24}},"5":{"start":{"line":10,"column":0},"end":{"line":10,"column":22}}},"fnMap":{"0":{"name":"(anonymous_1)","decl":{"start":{"line":6,"column":71},"end":{"line":6,"column":72}},"loc":{"start":{"line":6,"column":82},"end":{"line":8,"column":1}}}},"branchMap":{},"s":{"0":1,"1":1,"2":1,"3":1,"4":0,"5":1},"f":{"0":0},"b":{}}
}
