TN:
SF:src/app.ts
FN:30,(anonymous_1)
FNF:1
FNH:0
FNDA:0,(anonymous_1)
DA:1,1
DA:2,1
DA:3,1
DA:4,1
DA:5,1
DA:8,1
DA:9,1
DA:12,1
DA:16,1
DA:20,1
DA:21,1
DA:22,1
DA:23,1
DA:24,1
DA:25,1
DA:30,1
DA:31,0
DA:34,1
DA:35,1
DA:37,1
LF:20
LH:19
BRDA:16,0,0,1
BRDA:16,0,1,1
BRF:2
BRH:2
end_of_record
TN:
SF:src/database.ts
FN:4,(anonymous_8)
FN:4,(anonymous_9)
FN:8,(anonymous_10)
FN:19,(anonymous_11)
FN:23,(anonymous_12)
FNF:5
FNH:4
FNDA:2,(anonymous_8)
FNDA:2,(anonymous_9)
FNDA:2,(anonymous_10)
FNDA:2,(anonymous_11)
FNDA:0,(anonymous_12)
DA:1,2
DA:2,2
DA:4,2
DA:5,2
DA:6,2
DA:9,2
DA:12,0
DA:17,2
DA:19,2
DA:20,2
DA:23,2
DA:24,0
DA:25,0
DA:29,2
LF:14
LH:11
BRF:0
BRH:0
end_of_record
TN:
SF:src/config/config.ts
FNF:0
FNH:0
DA:1,4
LF:1
LH:1
BRDA:2,0,0,4
BRDA:2,0,1,4
BRDA:4,1,0,4
BRDA:4,1,1,4
BRF:4
BRH:4
end_of_record
TN:
SF:src/controllers/user.controller.ts
FN:6,(anonymous_8)
FN:6,(anonymous_9)
FN:23,(anonymous_10)
FN:23,(anonymous_11)
FNF:4
FNH:4
FNDA:2,(anonymous_8)
FNDA:2,(anonymous_9)
FNDA:1,(anonymous_10)
FNDA:1,(anonymous_11)
DA:2,1
DA:3,1
DA:6,2
DA:7,2
DA:8,1
DA:11,1
DA:12,1
DA:13,1
DA:14,0
DA:17,1
DA:18,1
DA:20,1
DA:23,1
DA:24,1
DA:25,0
DA:28,1
DA:29,1
DA:30,0
DA:33,1
DA:35,1
DA:37,1
DA:40,0
LF:22
LH:18
BRDA:7,0,0,1
BRDA:7,1,0,2
BRDA:7,1,1,2
BRDA:13,2,0,0
BRDA:24,3,0,0
BRDA:24,4,0,1
BRDA:24,4,1,1
BRDA:29,5,0,0
BRDA:33,6,0,0
BRDA:33,6,1,1
BRDA:33,7,0,1
BRDA:33,7,1,1
BRDA:35,8,0,1
BRDA:35,9,0,1
BRDA:35,9,1,1
BRF:15
BRH:11
end_of_record
TN:
SF:src/middlewares/passport.ts
FN:10,(anonymous_8)
FN:10,(anonymous_9)
FNF:2
FNH:0
FNDA:0,(anonymous_8)
FNDA:0,(anonymous_9)
DA:1,1
DA:2,1
DA:3,1
DA:5,1
DA:10,1
DA:12,0
DA:13,0
DA:14,0
DA:15,0
DA:17,0
DA:19,0
LF:11
LH:5
BRDA:14,0,0,0
BRF:1
BRH:0
end_of_record
TN:
SF:src/misc/token.ts
FN:5,(anonymous_1)
FNF:1
FNH:1
FNDA:1,(anonymous_1)
DA:1,2
DA:3,2
DA:5,2
DA:6,1
LF:4
LH:4
BRF:0
BRH:0
end_of_record
TN:
SF:src/models/user.ts
FN:24,(anonymous_8)
FN:35,(anonymous_10)
FNF:2
FNH:1
FNDA:4,(anonymous_8)
FNDA:0,(anonymous_10)
DA:1,4
DA:2,4
DA:10,4
DA:24,4
DA:25,4
DA:26,4
DA:28,4
DA:29,4
DA:30,4
DA:31,4
DA:35,4
DA:36,0
DA:37,0
DA:40,4
LF:14
LH:12
BRDA:26,0,0,0
BRF:1
BRH:0
end_of_record
TN:
SF:src/routes/auth.routes.ts
FNF:0
FNH:0
DA:1,1
DA:2,1
DA:3,1
DA:6,1
DA:7,1
DA:9,1
LF:6
LH:6
BRF:0
BRH:0
end_of_record
TN:
SF:src/routes/special.routes.ts
FN:6,(anonymous_1)
FNF:1
FNH:0
FNDA:0,(anonymous_1)
DA:1,1
DA:2,1
DA:4,1
DA:6,1
DA:7,0
DA:10,1
LF:6
LH:5
BRF:0
BRH:0
end_of_record
